[debug] [2020-03-17T15:11:45.917Z] ----------------------------------------------------------------------
[debug] [2020-03-17T15:11:45.920Z] Command:       C:\Program Files\nodejs\node.exe C:\Users\choos\AppData\Roaming\npm\node_modules\firebase-tools\lib\bin\firebase.js init
[debug] [2020-03-17T15:11:45.920Z] CLI Version:   7.15.1
[debug] [2020-03-17T15:11:45.920Z] Platform:      win32
[debug] [2020-03-17T15:11:45.920Z] Node Version:  v12.15.0
[debug] [2020-03-17T15:11:45.921Z] Time:          Tue Mar 17 2020 23:11:45 GMT+0800 (Singapore Standard Time)
[debug] [2020-03-17T15:11:45.921Z] ----------------------------------------------------------------------
[debug] [2020-03-17T15:11:45.921Z] 
[debug] [2020-03-17T15:11:45.930Z] > command requires scopes: ["email","openid","https://www.googleapis.com/auth/cloudplatformprojects.readonly","https://www.googleapis.com/auth/firebase","https://www.googleapis.com/auth/cloud-platform"]
[debug] [2020-03-17T15:11:45.931Z] > authorizing via signed-in user
[info] 
     ######## #### ########  ######## ########     ###     ######  ########
     ##        ##  ##     ## ##       ##     ##  ##   ##  ##       ##
     ######    ##  ########  ######   ########  #########  ######  ######
     ##        ##  ##    ##  ##       ##     ## ##     ##       ## ##
     ##       #### ##     ## ######## ########  ##     ##  ######  ########

You're about to initialize a Firebase project in this directory:

  C:\Users\choos\OneDrive\Desktop\Y2S2\BT3103\Lecture\Week 9\Grocery\BT3103\grocerychart

[info] 
=== Project Setup
[info] 
[info] First, let's associate this project directory with a Firebase project.
[info] You can create multiple project aliases by running firebase use --add, 
[info] but for now we'll just set up a default project.
[info] 
[debug] [2020-03-17T15:11:53.381Z] >>> HTTP REQUEST GET https://firebase.googleapis.com/v1beta1/projects?pageSize=100  
 
[debug] [2020-03-17T15:11:53.773Z] <<< HTTP RESPONSE 200
[debug] [2020-03-17T15:18:43.539Z] Error: kill ENOSYS
    at process.kill (internal/process/per_thread.js:189:13)
    at process.listener (C:\Users\choos\AppData\Roaming\npm\node_modules\firebase-tools\node_modules\signal-exit\index.js:95:15)
    at process.emit (events.js:223:5)
[error] 
[error] Error: An unexpected error has occurred.
